<?xml version="1.0" encoding="UTF-8"?>
<!-- Generated by org.testng.reporters.JUnitReportReporter -->
<testsuite hostname="SarthakDell" failures="0" tests="5" name="com.day11.TestNG_Part2.DataProvider_Concept" time="52.851" errors="0" timestamp="2023-07-27T20:30:19 GMT-04:00" skipped="0">
  <testcase classname="com.day11.TestNG_Part2.DataProvider_Concept" name="loginTest" time="9.215"/>
  <testcase classname="com.day11.TestNG_Part2.DataProvider_Concept" name="loginTest" time="6.917"/>
  <testcase classname="com.day11.TestNG_Part2.DataProvider_Concept" name="loginTest" time="9.800"/>
  <testcase classname="com.day11.TestNG_Part2.DataProvider_Concept" name="loginRediffTest" time="14.726"/>
  <testcase classname="com.day11.TestNG_Part2.DataProvider_Concept" name="loginRediffTest" time="12.193"/>
</testsuite> <!-- com.day11.TestNG_Part2.DataProvider_Concept -->
