<?xml version="1.0" encoding="UTF-8"?>
<!-- Generated by org.testng.reporters.JUnitReportReporter -->
<testsuite hostname="SarthakSyduAIO" failures="0" tests="3" name="com.day10.TestNG_Part1.Classroom_Assignment_1_TestNG" time="23.024" errors="0" timestamp="2023-07-23T21:36:15 EDT" skipped="0">
  <testcase classname="com.day10.TestNG_Part1.Classroom_Assignment_1_TestNG" name="loginTest1" time="9.026"/>
  <system-out/>
  <testcase classname="com.day10.TestNG_Part1.Classroom_Assignment_1_TestNG" name="loginTest2" time="7.219"/>
  <system-out/>
  <testcase classname="com.day10.TestNG_Part1.Classroom_Assignment_1_TestNG" name="loginTest3" time="6.779"/>
  <system-out/>
</testsuite> <!-- com.day10.TestNG_Part1.Classroom_Assignment_1_TestNG -->
