<?xml version="1.0" encoding="UTF-8"?>
<!-- Generated by org.testng.reporters.JUnitReportReporter -->
<testsuite hostname="SarthakDell" failures="0" tests="2" name="com.day11.TestNG_Part2.Batch_Class_3" time="10.580" errors="0" timestamp="2023-07-27T21:09:38 GMT-04:00" skipped="0">
  <testcase classname="com.day11.TestNG_Part2.Batch_Class_3" name="openRediff" time="4.248"/>
  <testcase classname="com.day11.TestNG_Part2.Batch_Class_3" name="openTN" time="6.332"/>
</testsuite> <!-- com.day11.TestNG_Part2.Batch_Class_3 -->
