<?xml version="1.0" encoding="UTF-8"?>
<!-- Generated by org.testng.reporters.JUnitReportReporter -->
<testsuite hostname="SarthakDell" failures="0" tests="2" name="com.day11.TestNG_Part2.Batch_Class_1" time="9.182" errors="0" timestamp="2023-07-27T21:09:38 GMT-04:00" skipped="0">
  <testcase classname="com.day11.TestNG_Part2.Batch_Class_1" name="openGoogle" time="4.711"/>
  <testcase classname="com.day11.TestNG_Part2.Batch_Class_1" name="openAmazon" time="4.471"/>
</testsuite> <!-- com.day11.TestNG_Part2.Batch_Class_1 -->
