<?xml version="1.0" encoding="UTF-8"?>
<!-- Generated by org.testng.reporters.JUnitReportReporter -->
<testsuite hostname="SarthakSyduAIO" failures="0" tests="1" name="com.day10.TestNG_Part1.TestNG_Annotations" time="0.006" errors="0" timestamp="2023-07-23T20:44:07 EDT" skipped="0">
  <testcase classname="com.day10.TestNG_Part1.TestNG_Annotations" name="testCase1" time="0.006"/>
  <system-out/>
</testsuite> <!-- com.day10.TestNG_Part1.TestNG_Annotations -->
