<?xml version="1.0" encoding="UTF-8"?>
<!-- Generated by org.testng.reporters.JUnitReportReporter -->
<testsuite hostname="SarthakSyduAIO" failures="0" tests="2" name="com.day10.TestNG_Part1.Applying_Test_Annotations" time="13.173" errors="0" timestamp="2023-07-23T21:06:49 EDT" skipped="0">
  <testcase classname="com.day10.TestNG_Part1.Applying_Test_Annotations" name="loginTest" time="6.687"/>
  <system-out/>
  <testcase classname="com.day10.TestNG_Part1.Applying_Test_Annotations" name="registerTest" time="6.486"/>
  <system-out/>
</testsuite> <!-- com.day10.TestNG_Part1.Applying_Test_Annotations -->
