<?xml version="1.0" encoding="UTF-8"?>
<!-- Generated by org.testng.reporters.JUnitReportReporter -->
<testsuite hostname="SarthakDell" failures="0" tests="2" name="com.day12.TestNG_Part3.Examples_VariousAnnotations" time="2.703" errors="0" timestamp="2023-07-30T19:17:28 GMT-04:00" skipped="0">
  <testcase classname="com.day12.TestNG_Part3.Examples_VariousAnnotations" name="testcase2" time="0.828"/>
  <testcase classname="com.day12.TestNG_Part3.Examples_VariousAnnotations" name="testcase1" time="1.875"/>
</testsuite> <!-- com.day12.TestNG_Part3.Examples_VariousAnnotations -->
