<?xml version="1.0" encoding="UTF-8"?>
<!-- Generated by org.testng.reporters.JUnitReportReporter -->
<testsuite hostname="SarthakDell" failures="0" tests="4" name="com.day11.TestNG_Part2.DP_TestCases_Register_And_Login" time="24.293" errors="0" timestamp="2023-07-27T20:51:36 GMT-04:00" skipped="1">
  <testcase classname="com.day11.TestNG_Part2.DP_TestCases_Register_And_Login" name="loginTest" time="8.349"/>
  <testcase classname="com.day11.TestNG_Part2.DP_TestCases_Register_And_Login" name="loginTest" time="9.132"/>
  <testcase classname="com.day11.TestNG_Part2.DP_TestCases_Register_And_Login" name="loginTest" time="6.812"/>
  <testcase classname="com.day11.TestNG_Part2.DP_TestCases_Register_And_Login" name="TNRegister_Css">
    <skipped/>
  </testcase> <!-- TNRegister_Css -->
</testsuite> <!-- com.day11.TestNG_Part2.DP_TestCases_Register_And_Login -->
