<?xml version="1.0" encoding="UTF-8"?>
<!-- Generated by org.testng.reporters.JUnitReportReporter -->
<testsuite hostname="SarthakSyduAIO" failures="0" tests="3" name="com.day10.TestNG_Part1.TriCombo" time="0.008" errors="0" timestamp="2023-07-23T20:59:10 EDT" skipped="0">
  <testcase classname="com.day10.TestNG_Part1.TriCombo" name="tc1" time="0.004"/>
  <system-out/>
  <testcase classname="com.day10.TestNG_Part1.TriCombo" name="tc3" time="0.001"/>
  <system-out/>
  <testcase classname="com.day10.TestNG_Part1.TriCombo" name="tc2" time="0.003"/>
  <system-out/>
</testsuite> <!-- com.day10.TestNG_Part1.TriCombo -->
