<?xml version="1.0" encoding="UTF-8"?>
<!-- Generated by org.testng.reporters.JUnitReportReporter -->
<testsuite hostname="SarthakDell" failures="0" tests="3" name="com.day11.TestNG_Part2.DP_TestCases_Register" time="25.291" errors="0" timestamp="2023-07-27T20:44:16 GMT-04:00" skipped="0">
  <testcase classname="com.day11.TestNG_Part2.DP_TestCases_Register" name="TNRegister_Css" time="9.156"/>
  <testcase classname="com.day11.TestNG_Part2.DP_TestCases_Register" name="TNRegister_Css" time="7.910"/>
  <testcase classname="com.day11.TestNG_Part2.DP_TestCases_Register" name="TNRegister_Css" time="8.225"/>
</testsuite> <!-- com.day11.TestNG_Part2.DP_TestCases_Register -->
