<?xml version="1.0" encoding="UTF-8"?>
<!-- Generated by org.testng.reporters.JUnitReportReporter -->
<testsuite hostname="SarthakDell" failures="0" tests="1" name="com.day12.automation.Select_Class_Dropdown" time="6.900" errors="0" timestamp="2023-07-30T20:43:48 GMT-04:00" skipped="0">
  <testcase classname="com.day12.automation.Select_Class_Dropdown" name="createAccountFacebook" time="6.900"/>
</testsuite> <!-- com.day12.automation.Select_Class_Dropdown -->
