<?xml version="1.0" encoding="UTF-8"?>
<!-- Generated by org.testng.reporters.JUnitReportReporter -->
<testsuite hostname="SarthakDell" failures="0" tests="5" name="com.day11.TestNG_Part2.DataProviders_Separate_Class" time="47.200" errors="0" timestamp="2023-07-27T20:34:06 GMT-04:00" skipped="0">
  <testcase classname="com.day11.TestNG_Part2.DataProviders_Separate_Class" name="loginTest" time="7.438"/>
  <testcase classname="com.day11.TestNG_Part2.DataProviders_Separate_Class" name="loginTest" time="8.351"/>
  <testcase classname="com.day11.TestNG_Part2.DataProviders_Separate_Class" name="loginTest" time="7.277"/>
  <testcase classname="com.day11.TestNG_Part2.DataProviders_Separate_Class" name="loginRediffTest" time="11.992"/>
  <testcase classname="com.day11.TestNG_Part2.DataProviders_Separate_Class" name="loginRediffTest" time="12.142"/>
</testsuite> <!-- com.day11.TestNG_Part2.DataProviders_Separate_Class -->
