<?xml version="1.0" encoding="UTF-8"?>
<!-- Generated by org.testng.reporters.JUnitReportReporter -->
<testsuite hostname="SarthakSyduAIO" failures="0" tests="3" name="com.day10.TestNG_Part1.Priorities_TestCases" time="0.011" errors="0" timestamp="2023-07-23T20:58:40 EDT" skipped="0">
  <testcase classname="com.day10.TestNG_Part1.Priorities_TestCases" name="tc1" time="0.004"/>
  <system-out/>
  <testcase classname="com.day10.TestNG_Part1.Priorities_TestCases" name="tc2" time="0.002"/>
  <system-out/>
  <testcase classname="com.day10.TestNG_Part1.Priorities_TestCases" name="tc3" time="0.005"/>
  <system-out/>
</testsuite> <!-- com.day10.TestNG_Part1.Priorities_TestCases -->
