<?xml version="1.0" encoding="UTF-8"?>
<!-- Generated by org.testng.reporters.JUnitReportReporter -->
<testsuite hostname="SarthakDell" failures="0" tests="1" name="com.day12.automation.Alerts_PopUps" time="6.909" errors="0" timestamp="2023-07-30T20:55:11 GMT-04:00" skipped="0">
  <testcase classname="com.day12.automation.Alerts_PopUps" name="handlingAlerts" time="6.909"/>
</testsuite> <!-- com.day12.automation.Alerts_PopUps -->
