<?xml version="1.0" encoding="UTF-8"?>
<!-- Generated by org.testng.reporters.JUnitReportReporter -->
<testsuite hostname="SarthakDell" failures="0" tests="1" name="com.day11.TestNG_Part2.Parameterization_TestCases_Using_TestNGxmlfile" time="13.866" errors="0" timestamp="2023-07-27T22:05:07 GMT-04:00" skipped="0">
  <testcase classname="com.day11.TestNG_Part2.Parameterization_TestCases_Using_TestNGxmlfile" name="rediffLogin" time="13.866"/>
</testsuite> <!-- com.day11.TestNG_Part2.Parameterization_TestCases_Using_TestNGxmlfile -->
