<?xml version="1.0" encoding="UTF-8"?>
<!-- Generated by org.testng.reporters.JUnitReportReporter -->
<testsuite hostname="SarthakDell" failures="0" tests="2" name="com.day11.TestNG_Part2.Batch_Class_2" time="13.446" errors="0" timestamp="2023-07-27T21:09:38 GMT-04:00" skipped="0">
  <testcase classname="com.day11.TestNG_Part2.Batch_Class_2" name="openFLipkart" time="7.621"/>
  <testcase classname="com.day11.TestNG_Part2.Batch_Class_2" name="openSnapDeal" time="5.825"/>
</testsuite> <!-- com.day11.TestNG_Part2.Batch_Class_2 -->
