<?xml version="1.0" encoding="UTF-8"?>
<!-- Generated by org.testng.reporters.JUnitReportReporter -->
<testsuite hostname="SarthakSyduAIO" failures="0" tests="3" name="com.day10.TestNG_Part1.Enable_Disable_TestCases" time="17.963" errors="0" timestamp="2023-07-23T21:39:40 EDT" skipped="1">
  <testcase classname="com.day10.TestNG_Part1.Enable_Disable_TestCases" name="loginTest1" time="9.410"/>
  <system-out/>
  <testcase classname="com.day10.TestNG_Part1.Enable_Disable_TestCases" name="loginTest3" time="8.553"/>
  <system-out/>
  <testcase classname="com.day10.TestNG_Part1.Enable_Disable_TestCases" name="loginTest2">
    <skipped/>
  </testcase> <!-- loginTest2 -->
  <system-out/>
</testsuite> <!-- com.day10.TestNG_Part1.Enable_Disable_TestCases -->
